  [1m[35m (34.8ms)[0m  [1m[35mSET NAMES utf8,  @@SESSION.sql_mode = CONCAT(CONCAT(@@sql_mode, ',STRICT_ALL_TABLES'), ',NO_AUTO_VALUE_ON_ZERO'),  @@SESSION.sql_auto_is_null = 0, @@SESSION.wait_timeout = 2147483[0m
  ↳ /home/ip-d/.rvm/gems/ruby-2.5.3/bin/rake:23
  [1m[35m (0.5ms)[0m  [1m[35mCREATE DATABASE `nokogiri_devlopment` DEFAULT CHARACTER SET `utf8`[0m
  ↳ /home/ip-d/.rvm/gems/ruby-2.5.3/bin/rake:23
  [1m[35m (0.3ms)[0m  [1m[35mSET NAMES utf8,  @@SESSION.sql_mode = CONCAT(CONCAT(@@sql_mode, ',STRICT_ALL_TABLES'), ',NO_AUTO_VALUE_ON_ZERO'),  @@SESSION.sql_auto_is_null = 0, @@SESSION.wait_timeout = 2147483[0m
  ↳ /home/ip-d/.rvm/gems/ruby-2.5.3/bin/rake:23
  [1m[35m (0.4ms)[0m  [1m[35mCREATE DATABASE `nokogiri_test` DEFAULT CHARACTER SET `utf8`[0m
  ↳ /home/ip-d/.rvm/gems/ruby-2.5.3/bin/rake:23
Started GET "/" for 127.0.0.1 at 2018-12-18 09:34:53 +0530
  [1m[35m (0.3ms)[0m  [1m[35mSET NAMES utf8,  @@SESSION.sql_mode = CONCAT(CONCAT(@@sql_mode, ',STRICT_ALL_TABLES'), ',NO_AUTO_VALUE_ON_ZERO'),  @@SESSION.sql_auto_is_null = 0, @@SESSION.wait_timeout = 2147483[0m
  ↳ /home/ip-d/.rvm/gems/ruby-2.5.3/gems/activerecord-5.2.2/lib/active_record/log_subscriber.rb:98
Processing by Rails::WelcomeController#index as HTML
  Rendering /home/ip-d/.rvm/gems/ruby-2.5.3/gems/railties-5.2.2/lib/rails/templates/rails/welcome/index.html.erb
  Rendered /home/ip-d/.rvm/gems/ruby-2.5.3/gems/railties-5.2.2/lib/rails/templates/rails/welcome/index.html.erb (6.4ms)
Completed 200 OK in 60ms (Views: 27.0ms | ActiveRecord: 0.0ms)


Started GET "/" for 127.0.0.1 at 2018-12-18 09:38:20 +0530
Processing by Rails::WelcomeController#index as HTML
  Rendering /home/ip-d/.rvm/gems/ruby-2.5.3/gems/railties-5.2.2/lib/rails/templates/rails/welcome/index.html.erb
  Rendered /home/ip-d/.rvm/gems/ruby-2.5.3/gems/railties-5.2.2/lib/rails/templates/rails/welcome/index.html.erb (2.2ms)
Completed 200 OK in 5ms (Views: 3.4ms | ActiveRecord: 0.0ms)


Started GET "/en/listings/2/initiate?quantity=1" for 127.0.0.1 at 2018-12-18 09:38:25 +0530
  
ActionController::RoutingError (No route matches [GET] "/en/listings/2/initiate"):
  
actionpack (5.2.2) lib/action_dispatch/middleware/debug_exceptions.rb:65:in `call'
web-console (3.7.0) lib/web_console/middleware.rb:135:in `call_app'
web-console (3.7.0) lib/web_console/middleware.rb:30:in `block in call'
web-console (3.7.0) lib/web_console/middleware.rb:20:in `catch'
web-console (3.7.0) lib/web_console/middleware.rb:20:in `call'
actionpack (5.2.2) lib/action_dispatch/middleware/show_exceptions.rb:33:in `call'
railties (5.2.2) lib/rails/rack/logger.rb:38:in `call_app'
railties (5.2.2) lib/rails/rack/logger.rb:26:in `block in call'
activesupport (5.2.2) lib/active_support/tagged_logging.rb:71:in `block in tagged'
activesupport (5.2.2) lib/active_support/tagged_logging.rb:28:in `tagged'
activesupport (5.2.2) lib/active_support/tagged_logging.rb:71:in `tagged'
railties (5.2.2) lib/rails/rack/logger.rb:26:in `call'
sprockets-rails (3.2.1) lib/sprockets/rails/quiet_assets.rb:13:in `call'
actionpack (5.2.2) lib/action_dispatch/middleware/remote_ip.rb:81:in `call'
actionpack (5.2.2) lib/action_dispatch/middleware/request_id.rb:27:in `call'
rack (2.0.6) lib/rack/method_override.rb:22:in `call'
rack (2.0.6) lib/rack/runtime.rb:22:in `call'
activesupport (5.2.2) lib/active_support/cache/strategy/local_cache_middleware.rb:29:in `call'
actionpack (5.2.2) lib/action_dispatch/middleware/executor.rb:14:in `call'
actionpack (5.2.2) lib/action_dispatch/middleware/static.rb:127:in `call'
rack (2.0.6) lib/rack/sendfile.rb:111:in `call'
railties (5.2.2) lib/rails/engine.rb:524:in `call'
puma (3.12.0) lib/puma/configuration.rb:225:in `call'
puma (3.12.0) lib/puma/server.rb:658:in `handle_request'
puma (3.12.0) lib/puma/server.rb:472:in `process_client'
puma (3.12.0) lib/puma/server.rb:332:in `block in run'
puma (3.12.0) lib/puma/thread_pool.rb:133:in `block in spawn_thread'
Started GET "/" for 127.0.0.1 at 2018-12-18 09:40:23 +0530
Processing by Rails::WelcomeController#index as HTML
  Rendering /home/ip-d/.rvm/gems/ruby-2.5.3/gems/railties-5.2.2/lib/rails/templates/rails/welcome/index.html.erb
  Rendered /home/ip-d/.rvm/gems/ruby-2.5.3/gems/railties-5.2.2/lib/rails/templates/rails/welcome/index.html.erb (1.6ms)
Completed 200 OK in 3ms (Views: 2.4ms | ActiveRecord: 0.0ms)


Started GET "/sss" for 127.0.0.1 at 2018-12-18 09:40:31 +0530
  
ActionController::RoutingError (No route matches [GET] "/sss"):
  
actionpack (5.2.2) lib/action_dispatch/middleware/debug_exceptions.rb:65:in `call'
web-console (3.7.0) lib/web_console/middleware.rb:135:in `call_app'
web-console (3.7.0) lib/web_console/middleware.rb:30:in `block in call'
web-console (3.7.0) lib/web_console/middleware.rb:20:in `catch'
web-console (3.7.0) lib/web_console/middleware.rb:20:in `call'
actionpack (5.2.2) lib/action_dispatch/middleware/show_exceptions.rb:33:in `call'
railties (5.2.2) lib/rails/rack/logger.rb:38:in `call_app'
railties (5.2.2) lib/rails/rack/logger.rb:26:in `block in call'
activesupport (5.2.2) lib/active_support/tagged_logging.rb:71:in `block in tagged'
activesupport (5.2.2) lib/active_support/tagged_logging.rb:28:in `tagged'
activesupport (5.2.2) lib/active_support/tagged_logging.rb:71:in `tagged'
railties (5.2.2) lib/rails/rack/logger.rb:26:in `call'
sprockets-rails (3.2.1) lib/sprockets/rails/quiet_assets.rb:13:in `call'
actionpack (5.2.2) lib/action_dispatch/middleware/remote_ip.rb:81:in `call'
actionpack (5.2.2) lib/action_dispatch/middleware/request_id.rb:27:in `call'
rack (2.0.6) lib/rack/method_override.rb:22:in `call'
rack (2.0.6) lib/rack/runtime.rb:22:in `call'
activesupport (5.2.2) lib/active_support/cache/strategy/local_cache_middleware.rb:29:in `call'
actionpack (5.2.2) lib/action_dispatch/middleware/executor.rb:14:in `call'
actionpack (5.2.2) lib/action_dispatch/middleware/static.rb:127:in `call'
rack (2.0.6) lib/rack/sendfile.rb:111:in `call'
railties (5.2.2) lib/rails/engine.rb:524:in `call'
puma (3.12.0) lib/puma/configuration.rb:225:in `call'
puma (3.12.0) lib/puma/server.rb:658:in `handle_request'
puma (3.12.0) lib/puma/server.rb:472:in `process_client'
puma (3.12.0) lib/puma/server.rb:332:in `block in run'
puma (3.12.0) lib/puma/thread_pool.rb:133:in `block in spawn_thread'
Started GET "/" for 127.0.0.1 at 2018-12-18 09:44:25 +0530
Processing by ParallelController#parallelrate as HTML
Completed 500 Internal Server Error in 1ms (ActiveRecord: 0.0ms)


  
Errno::ENOENT (No such file or directory @ rb_sysopen - https://www.abokifx.com/):
  
app/controllers/parallel_controller.rb:5:in `initialize'
app/controllers/parallel_controller.rb:5:in `open'
app/controllers/parallel_controller.rb:5:in `parallelrate'
Started GET "/" for 127.0.0.1 at 2018-12-18 09:45:20 +0530
Processing by ParallelController#parallelrate as HTML
  Rendering parallel/home.html.erb within layouts/application
  Rendered parallel/home.html.erb within layouts/application (0.3ms)
Completed 200 OK in 7660ms (Views: 1552.2ms | ActiveRecord: 0.0ms)


Started GET "/bdcrate" for 127.0.0.1 at 2018-12-18 09:45:34 +0530
Processing by BdcController#bdcrate as HTML
  Rendering bdc/home.html.erb within layouts/application
  Rendered bdc/home.html.erb within layouts/application (0.4ms)
Completed 200 OK in 960ms (Views: 15.1ms | ActiveRecord: 0.0ms)


Started GET "/" for 127.0.0.1 at 2018-12-18 09:45:42 +0530
Processing by ParallelController#parallelrate as HTML
  Rendering parallel/home.html.erb within layouts/application
  Rendered parallel/home.html.erb within layouts/application (0.3ms)
Completed 200 OK in 1511ms (Views: 13.8ms | ActiveRecord: 0.0ms)


Started GET "/" for 127.0.0.1 at 2018-12-18 09:51:50 +0530
  [1m[35m (0.2ms)[0m  [1m[35mSET NAMES utf8,  @@SESSION.sql_mode = CONCAT(CONCAT(@@sql_mode, ',STRICT_ALL_TABLES'), ',NO_AUTO_VALUE_ON_ZERO'),  @@SESSION.sql_auto_is_null = 0, @@SESSION.wait_timeout = 2147483[0m
  ↳ /home/ip-d/.rvm/gems/ruby-2.5.3/gems/activerecord-5.2.2/lib/active_record/log_subscriber.rb:98
Processing by ParallelController#parallelrate as HTML
  Rendering parallel/home.html.erb within layouts/application
  Rendered parallel/home.html.erb within layouts/application (0.3ms)
Completed 200 OK in 1557ms (Views: 27.7ms | ActiveRecord: 0.0ms)


Started GET "/" for 127.0.0.1 at 2018-12-18 09:51:54 +0530
Processing by ParallelController#parallelrate as HTML
Started GET "/bdcrate" for 127.0.0.1 at 2018-12-18 09:51:56 +0530
  [1m[35m (0.3ms)[0m  [1m[35mSET NAMES utf8,  @@SESSION.sql_mode = CONCAT(CONCAT(@@sql_mode, ',STRICT_ALL_TABLES'), ',NO_AUTO_VALUE_ON_ZERO'),  @@SESSION.sql_auto_is_null = 0, @@SESSION.wait_timeout = 2147483[0m
  ↳ /home/ip-d/.rvm/gems/ruby-2.5.3/gems/activerecord-5.2.2/lib/active_record/log_subscriber.rb:98
  Rendering parallel/home.html.erb within layouts/application
  Rendered parallel/home.html.erb within layouts/application (0.3ms)
Completed 200 OK in 1523ms (Views: 20.0ms | ActiveRecord: 0.0ms)


Processing by BdcController#bdcrate as HTML
Completed 500 Internal Server Error in 890ms (ActiveRecord: 0.0ms)


  
NoMethodError (undefined method `pry' for #<Binding:0x00007f32dc5ea798>
Did you mean?  try):
  
app/controllers/bdc_controller.rb:11:in `bdcrate'
Started GET "/bdcrate" for 127.0.0.1 at 2018-12-18 09:51:57 +0530
Processing by BdcController#bdcrate as HTML
Completed 500 Internal Server Error in 809ms (ActiveRecord: 0.0ms)


  
NoMethodError (undefined method `pry' for #<Binding:0x00007f32de136420>
Did you mean?  try):
  
app/controllers/bdc_controller.rb:11:in `bdcrate'
Started GET "/bdcrate" for 127.0.0.1 at 2018-12-18 09:52:03 +0530
Processing by BdcController#bdcrate as HTML
Completed 500 Internal Server Error in 900ms (ActiveRecord: 0.0ms)


  
NoMethodError (undefined method `pry' for #<Binding:0x00007f32dd04e860>
Did you mean?  try):
  
app/controllers/bdc_controller.rb:11:in `bdcrate'
Started GET "/bdcrate" for 127.0.0.1 at 2018-12-18 09:52:12 +0530
  [1m[35m (0.2ms)[0m  [1m[35mSET NAMES utf8,  @@SESSION.sql_mode = CONCAT(CONCAT(@@sql_mode, ',STRICT_ALL_TABLES'), ',NO_AUTO_VALUE_ON_ZERO'),  @@SESSION.sql_auto_is_null = 0, @@SESSION.wait_timeout = 2147483[0m
  ↳ /home/ip-d/.rvm/gems/ruby-2.5.3/gems/activerecord-5.2.2/lib/active_record/log_subscriber.rb:98
Processing by BdcController#bdcrate as HTML
  Rendering bdc/home.html.erb within layouts/application
  Rendered bdc/home.html.erb within layouts/application (0.7ms)
Completed 200 OK in 32844ms (Views: 219.0ms | ActiveRecord: 0.0ms)


Started GET "/bdcrate" for 127.0.0.1 at 2018-12-18 09:52:50 +0530
  [1m[35m (0.2ms)[0m  [1m[35mSET NAMES utf8,  @@SESSION.sql_mode = CONCAT(CONCAT(@@sql_mode, ',STRICT_ALL_TABLES'), ',NO_AUTO_VALUE_ON_ZERO'),  @@SESSION.sql_auto_is_null = 0, @@SESSION.wait_timeout = 2147483[0m
  ↳ /home/ip-d/.rvm/gems/ruby-2.5.3/gems/activerecord-5.2.2/lib/active_record/log_subscriber.rb:98
Processing by BdcController#bdcrate as HTML
  Rendering bdc/home.html.erb within layouts/application
  Rendered bdc/home.html.erb within layouts/application (0.9ms)
Completed 200 OK in 47581ms (Views: 231.3ms | ActiveRecord: 0.0ms)


Started GET "/bdcrate" for 127.0.0.1 at 2018-12-18 09:53:42 +0530
Processing by BdcController#bdcrate as HTML
  Rendering bdc/home.html.erb within layouts/application
  Rendered bdc/home.html.erb within layouts/application (13.0ms)
Completed 200 OK in 7611ms (Views: 28.5ms | ActiveRecord: 0.0ms)


Started GET "/bdcrate" for 127.0.0.1 at 2018-12-18 09:54:28 +0530
Processing by BdcController#bdcrate as HTML
  Rendering bdc/home.html.erb within layouts/application
  Rendered bdc/home.html.erb within layouts/application (12.5ms)
Completed 200 OK in 4364ms (Views: 34.7ms | ActiveRecord: 0.0ms)


Started GET "/bdcrate" for 127.0.0.1 at 2018-12-18 09:55:05 +0530
Processing by BdcController#bdcrate as HTML
Completed 500 Internal Server Error in 526ms (ActiveRecord: 0.0ms)


  
NoMethodError (undefined method `html' for #<Nokogiri::XML::NodeSet:0x00007fe48c76ed78>):
  
app/controllers/bdc_controller.rb:9:in `bdcrate'
Started GET "/bdcrate" for 127.0.0.1 at 2018-12-18 09:55:13 +0530
Processing by BdcController#bdcrate as HTML
Completed 500 Internal Server Error in 538ms (ActiveRecord: 0.0ms)


  
NoMethodError (undefined method `html' for #<Nokogiri::XML::NodeSet:0x00007fe48e64c4e8>):
  
app/controllers/bdc_controller.rb:9:in `bdcrate'
Started GET "/bdcrate" for 127.0.0.1 at 2018-12-18 09:55:14 +0530
Processing by BdcController#bdcrate as HTML
Completed 500 Internal Server Error in 711ms (ActiveRecord: 0.0ms)


  
NoMethodError (undefined method `html' for #<Nokogiri::XML::NodeSet:0x00007fe48eb394d8>):
  
app/controllers/bdc_controller.rb:9:in `bdcrate'
Started GET "/bdcrate" for 127.0.0.1 at 2018-12-18 09:59:24 +0530
Processing by BdcController#bdcrate as HTML
Completed 500 Internal Server Error in 1031ms (ActiveRecord: 0.0ms)


  
NoMethodError (undefined method `html' for #<Nokogiri::XML::NodeSet:0x00007fe48e7a3ee0>):
  
app/controllers/bdc_controller.rb:12:in `bdcrate'
Started GET "/bdcrate" for 127.0.0.1 at 2018-12-18 09:59:48 +0530
  [1m[35m (0.4ms)[0m  [1m[35mSET NAMES utf8,  @@SESSION.sql_mode = CONCAT(CONCAT(@@sql_mode, ',STRICT_ALL_TABLES'), ',NO_AUTO_VALUE_ON_ZERO'),  @@SESSION.sql_auto_is_null = 0, @@SESSION.wait_timeout = 2147483[0m
  ↳ /home/ip-d/.rvm/gems/ruby-2.5.3/gems/activerecord-5.2.2/lib/active_record/log_subscriber.rb:98
Processing by BdcController#bdcrate as HTML
  Rendering bdc/home.html.erb within layouts/application
  Rendered bdc/home.html.erb within layouts/application (15.5ms)
Completed 200 OK in 22568ms (Views: 213.8ms | ActiveRecord: 0.0ms)


Started GET "/bdcrate" for 127.0.0.1 at 2018-12-18 10:04:00 +0530
Processing by BdcController#bdcrate as HTML
  Rendering bdc/home.html.erb within layouts/application
  Rendered bdc/home.html.erb within layouts/application (10.0ms)
Completed 200 OK in 5957ms (Views: 26.1ms | ActiveRecord: 0.0ms)


Started GET "/bdcrate" for 127.0.0.1 at 2018-12-18 10:05:08 +0530
Processing by BdcController#bdcrate as HTML
  Rendering bdc/home.html.erb within layouts/application
  Rendered bdc/home.html.erb within layouts/application (21.8ms)
Completed 200 OK in 4788ms (Views: 36.8ms | ActiveRecord: 0.0ms)


Started GET "/" for 127.0.0.1 at 2018-12-18 10:06:43 +0530
Processing by ParallelController#parallelrate as HTML
  Rendering parallel/home.html.erb within layouts/application
  Rendered parallel/home.html.erb within layouts/application (0.8ms)
Completed 200 OK in 36671ms (Views: 25.4ms | ActiveRecord: 0.0ms)


Started GET "/bdcrate" for 127.0.0.1 at 2018-12-18 10:07:21 +0530
Processing by BdcController#bdcrate as HTML
  Rendering bdc/home.html.erb within layouts/application
  Rendered bdc/home.html.erb within layouts/application (22.8ms)
Completed 200 OK in 19667ms (Views: 42.6ms | ActiveRecord: 0.0ms)


Started GET "/bdcrate" for 127.0.0.1 at 2018-12-18 10:07:44 +0530
Processing by BdcController#bdcrate as HTML
  Rendering bdc/home.html.erb within layouts/application
  Rendered bdc/home.html.erb within layouts/application (1.2ms)
Completed 200 OK in 18037ms (Views: 23.5ms | ActiveRecord: 0.0ms)


Started GET "/bdcrate" for 127.0.0.1 at 2018-12-18 10:08:37 +0530
Processing by BdcController#bdcrate as HTML
  Rendering bdc/home.html.erb within layouts/application
  Rendered bdc/home.html.erb within layouts/application (0.5ms)
Completed 200 OK in 472ms (Views: 21.5ms | ActiveRecord: 0.0ms)


Started GET "/bdcrate" for 127.0.0.1 at 2018-12-18 10:08:38 +0530
Processing by BdcController#bdcrate as HTML
  Rendering bdc/home.html.erb within layouts/application
  Rendered bdc/home.html.erb within layouts/application (0.4ms)
Completed 200 OK in 423ms (Views: 20.6ms | ActiveRecord: 0.0ms)


Started GET "/bdcrate" for 127.0.0.1 at 2018-12-18 10:08:52 +0530
Processing by BdcController#bdcrate as HTML
  Rendering bdc/home.html.erb within layouts/application
  Rendered bdc/home.html.erb within layouts/application (0.4ms)
Completed 200 OK in 491ms (Views: 22.4ms | ActiveRecord: 0.0ms)


Started GET "/bdcrate" for 127.0.0.1 at 2018-12-18 10:26:46 +0530
  [1m[35m (0.3ms)[0m  [1m[35mSET NAMES utf8,  @@SESSION.sql_mode = CONCAT(CONCAT(@@sql_mode, ',STRICT_ALL_TABLES'), ',NO_AUTO_VALUE_ON_ZERO'),  @@SESSION.sql_auto_is_null = 0, @@SESSION.wait_timeout = 2147483[0m
  ↳ /home/ip-d/.rvm/gems/ruby-2.5.3/gems/activerecord-5.2.2/lib/active_record/log_subscriber.rb:98
Processing by BdcController#bdcrate as HTML
  Rendering bdc/home.html.erb within layouts/application
  Rendered bdc/home.html.erb within layouts/application (0.4ms)
Completed 200 OK in 975ms (Views: 20.5ms | ActiveRecord: 0.0ms)


Started GET "/bdcrate" for 127.0.0.1 at 2018-12-18 10:27:18 +0530
  [1m[35m (0.2ms)[0m  [1m[35mSET NAMES utf8,  @@SESSION.sql_mode = CONCAT(CONCAT(@@sql_mode, ',STRICT_ALL_TABLES'), ',NO_AUTO_VALUE_ON_ZERO'),  @@SESSION.sql_auto_is_null = 0, @@SESSION.wait_timeout = 2147483[0m
  ↳ /home/ip-d/.rvm/gems/ruby-2.5.3/gems/activerecord-5.2.2/lib/active_record/log_subscriber.rb:98
Processing by BdcController#bdcrate as HTML
  Rendering bdc/home.html.erb within layouts/application
  Rendered bdc/home.html.erb within layouts/application (2.5ms)
Completed 200 OK in 671ms (Views: 194.1ms | ActiveRecord: 0.0ms)


Started GET "/mecbdcrate" for 127.0.0.1 at 2018-12-18 10:27:23 +0530
Processing by BdcController#mecbdcrate as HTML
  Rendering bdc/mechome.html.erb within layouts/application
  Rendered bdc/mechome.html.erb within layouts/application (0.6ms)
Completed 200 OK in 214651ms (Views: 25.0ms | ActiveRecord: 0.0ms)


Started GET "/mecbdcrate" for 127.0.0.1 at 2018-12-18 10:31:05 +0530
Processing by BdcController#mecbdcrate as HTML
Completed 500 Internal Server Error in 506ms (ActiveRecord: 0.0ms)


  
NoMethodError (undefined method `page' for #<Mechanize::Page:0x00007fadccb22218>):
  
app/controllers/bdc_controller.rb:18:in `mecbdcrate'
Started GET "/mecbdcrate" for 127.0.0.1 at 2018-12-18 10:31:30 +0530
Processing by BdcController#mecbdcrate as HTML
  Rendering bdc/mechome.html.erb within layouts/application
  Rendered bdc/mechome.html.erb within layouts/application (0.8ms)
Completed 200 OK in 4816ms (Views: 21.1ms | ActiveRecord: 0.0ms)


Started GET "/mecbdcrate" for 127.0.0.1 at 2018-12-18 10:31:49 +0530
Processing by BdcController#mecbdcrate as HTML
Started GET "/mecbdcrate" for 127.0.0.1 at 2018-12-18 10:31:51 +0530
  [1m[35m (0.4ms)[0m  [1m[35mSET NAMES utf8,  @@SESSION.sql_mode = CONCAT(CONCAT(@@sql_mode, ',STRICT_ALL_TABLES'), ',NO_AUTO_VALUE_ON_ZERO'),  @@SESSION.sql_auto_is_null = 0, @@SESSION.wait_timeout = 2147483[0m
  ↳ /home/ip-d/.rvm/gems/ruby-2.5.3/gems/activerecord-5.2.2/lib/active_record/log_subscriber.rb:98
Processing by BdcController#mecbdcrate as HTML
  Rendering bdc/mechome.html.erb within layouts/application
  Rendered bdc/mechome.html.erb within layouts/application (0.6ms)
Completed 200 OK in 222725ms (Views: 17.9ms | ActiveRecord: 0.0ms)


  Rendering bdc/mechome.html.erb within layouts/application
  Rendered bdc/mechome.html.erb within layouts/application (0.1ms)
Completed 200 OK in 231963ms (Views: 22.7ms | ActiveRecord: 0.0ms)


Started GET "/mecbdcrate" for 127.0.0.1 at 2018-12-18 10:35:58 +0530
  [1m[35m (0.4ms)[0m  [1m[35mSET NAMES utf8,  @@SESSION.sql_mode = CONCAT(CONCAT(@@sql_mode, ',STRICT_ALL_TABLES'), ',NO_AUTO_VALUE_ON_ZERO'),  @@SESSION.sql_auto_is_null = 0, @@SESSION.wait_timeout = 2147483[0m
  ↳ /home/ip-d/.rvm/gems/ruby-2.5.3/gems/activerecord-5.2.2/lib/active_record/log_subscriber.rb:98
Processing by BdcController#mecbdcrate as HTML
Completed 500 Internal Server Error in 490ms (ActiveRecord: 0.0ms)


  
NoMethodError (undefined method `parser' for #<Mechanize::Form:0x0000000002df4650>):
  
app/controllers/bdc_controller.rb:18:in `mecbdcrate'
Started GET "/bdcrate" for 127.0.0.1 at 2018-12-18 10:37:52 +0530
Processing by BdcController#bdcrate as HTML
  Rendering bdc/home.html.erb within layouts/application
  Rendered bdc/home.html.erb within layouts/application (2.4ms)
Completed 200 OK in 617ms (Views: 153.3ms | ActiveRecord: 0.0ms)


Started GET "/bdcrate" for 127.0.0.1 at 2018-12-18 10:38:46 +0530
Processing by BdcController#bdcrate as HTML
  Rendering bdc/home.html.erb within layouts/application
  Rendered bdc/home.html.erb within layouts/application (1.3ms)
Completed 200 OK in 490ms (Views: 16.7ms | ActiveRecord: 0.0ms)


Started GET "/bdcrate" for 127.0.0.1 at 2018-12-18 10:40:24 +0530
Processing by BdcController#bdcrate as HTML
  Rendering bdc/home.html.erb within layouts/application
  Rendered bdc/home.html.erb within layouts/application (0.4ms)
Completed 200 OK in 476ms (Views: 13.8ms | ActiveRecord: 0.0ms)


Started GET "/" for 127.0.0.1 at 2018-12-18 10:41:41 +0530
Processing by ParallelController#parallelrate as HTML
  Rendering parallel/home.html.erb within layouts/application
  Rendered parallel/home.html.erb within layouts/application (0.6ms)
Completed 200 OK in 19591ms (Views: 20.4ms | ActiveRecord: 0.0ms)


Started GET "/bdcrate" for 127.0.0.1 at 2018-12-18 10:42:04 +0530
Processing by BdcController#bdcrate as HTML
Started GET "/mecbdcrate" for 127.0.0.1 at 2018-12-18 10:42:08 +0530
Processing by BdcController#mecbdcrate as HTML
Completed 500 Internal Server Error in 409ms (ActiveRecord: 0.0ms)


  
NoMethodError (undefined method `to_html' for #<Mechanize::Form:0x0000000003c3d018>
Did you mean?  to_yaml):
  
app/controllers/bdc_controller.rb:18:in `mecbdcrate'
  Rendering bdc/home.html.erb within layouts/application
  Rendered bdc/home.html.erb within layouts/application (1.2ms)
Completed 200 OK in 5457ms (Views: 38.6ms | ActiveRecord: 0.0ms)


Started GET "/mecbdcrate" for 127.0.0.1 at 2018-12-18 10:42:28 +0530
Processing by BdcController#mecbdcrate as HTML
  Rendering bdc/mechome.html.erb within layouts/application
  Rendered bdc/mechome.html.erb within layouts/application (2.6ms)
Completed 200 OK in 14842ms (Views: 29.0ms | ActiveRecord: 0.0ms)


Started GET "/mecbdcrate" for 127.0.0.1 at 2018-12-18 10:46:51 +0530
Processing by BdcController#mecbdcrate as HTML
  Rendering bdc/mechome.html.erb within layouts/application
  Rendered bdc/mechome.html.erb within layouts/application (11.4ms)
Completed 200 OK in 12777ms (Views: 27.1ms | ActiveRecord: 0.0ms)


Started GET "/mecbdcrate" for 127.0.0.1 at 2018-12-18 10:50:12 +0530
  
SyntaxError (/var/www/html/rails/paypal/nokogirigem/app/controllers/bdc_controller.rb:18: syntax error, unexpected tIDENTIFIER, expecting ')'
...a.parser.xpath('//div[@id='news-top-stories-container']').to...
...                           ^~~~
/var/www/html/rails/paypal/nokogirigem/app/controllers/bdc_controller.rb:18: syntax error, unexpected tSTRING_BEG, expecting keyword_do or '{' or '('
...id='news-top-stories-container']').to_html
...                              ^
/var/www/html/rails/paypal/nokogirigem/app/controllers/bdc_controller.rb:18: syntax error, unexpected ')', expecting keyword_end
...'news-top-stories-container']').to_html
...                              ^):
  
app/controllers/bdc_controller.rb:18: syntax error, unexpected tIDENTIFIER, expecting ')'
app/controllers/bdc_controller.rb:18: syntax error, unexpected tSTRING_BEG, expecting keyword_do or '{' or '('
app/controllers/bdc_controller.rb:18: syntax error, unexpected ')', expecting keyword_end
Started GET "/mecbdcrate" for 127.0.0.1 at 2018-12-18 10:50:43 +0530
Processing by BdcController#mecbdcrate as HTML
Started GET "/mecbdcrate" for 127.0.0.1 at 2018-12-18 10:51:19 +0530
  Rendering bdc/mechome.html.erb within layouts/application
  Rendered bdc/mechome.html.erb within layouts/application (0.5ms)
Completed 200 OK in 41360ms (Views: 20.4ms | ActiveRecord: 0.0ms)


Processing by BdcController#mecbdcrate as HTML
  Rendering bdc/mechome.html.erb within layouts/application
  Rendered bdc/mechome.html.erb within layouts/application (0.1ms)
Completed 200 OK in 6745ms (Views: 22.7ms | ActiveRecord: 0.0ms)


Started GET "/mecbdcrate" for 127.0.0.1 at 2018-12-18 10:51:35 +0530
Processing by BdcController#mecbdcrate as HTML
  Rendering bdc/mechome.html.erb within layouts/application
  Rendered bdc/mechome.html.erb within layouts/application (0.5ms)
Completed 200 OK in 2735ms (Views: 23.6ms | ActiveRecord: 0.0ms)


Started GET "/mecbdcrate" for 127.0.0.1 at 2018-12-18 10:51:55 +0530
Processing by BdcController#mecbdcrate as HTML
  Rendering bdc/mechome.html.erb within layouts/application
  Rendered bdc/mechome.html.erb within layouts/application (47.5ms)
Completed 200 OK in 2355ms (Views: 63.5ms | ActiveRecord: 0.0ms)


Started GET "/mecbdcrate" for 127.0.0.1 at 2018-12-18 10:53:07 +0530
Processing by BdcController#mecbdcrate as HTML
  Rendering bdc/mechome.html.erb within layouts/application
  Rendered bdc/mechome.html.erb within layouts/application (6.1ms)
Completed 200 OK in 726ms (Views: 26.2ms | ActiveRecord: 0.0ms)


Started GET "/mecbdcrate" for 127.0.0.1 at 2018-12-18 10:53:12 +0530
Processing by BdcController#mecbdcrate as HTML
Started GET "/mecbdcrate" for 127.0.0.1 at 2018-12-18 10:53:12 +0530
Processing by BdcController#mecbdcrate as HTML
  Rendering bdc/mechome.html.erb within layouts/application
  Rendered bdc/mechome.html.erb within layouts/application (9.4ms)
  Rendering bdc/mechome.html.erb within layouts/application
  Rendered bdc/mechome.html.erb within layouts/application (7.5ms)
Completed 200 OK in 657ms (Views: 135.6ms | ActiveRecord: 0.0ms)


Completed 200 OK in 664ms (Views: 50.7ms | ActiveRecord: 0.0ms)


Started GET "/mecbdcrate" for 127.0.0.1 at 2018-12-18 10:53:12 +0530
Processing by BdcController#mecbdcrate as HTML
  Rendering bdc/mechome.html.erb within layouts/application
  Rendered bdc/mechome.html.erb within layouts/application (6.3ms)
Completed 200 OK in 625ms (Views: 21.2ms | ActiveRecord: 0.0ms)


Started GET "/mecbdcrate" for 127.0.0.1 at 2018-12-18 10:53:22 +0530
Processing by BdcController#mecbdcrate as HTML
  Rendering bdc/mechome.html.erb within layouts/application
  Rendered bdc/mechome.html.erb within layouts/application (5.8ms)
Completed 200 OK in 545ms (Views: 30.5ms | ActiveRecord: 0.0ms)


Started GET "/mecbdcrate" for 127.0.0.1 at 2018-12-18 10:53:24 +0530
Processing by BdcController#mecbdcrate as HTML
  Rendering bdc/mechome.html.erb within layouts/application
  Rendered bdc/mechome.html.erb within layouts/application (8.3ms)
Completed 200 OK in 556ms (Views: 36.4ms | ActiveRecord: 0.0ms)


Started GET "/mecbdcrate" for 127.0.0.1 at 2018-12-18 10:58:40 +0530
Processing by BdcController#mecbdcrate as HTML
  Rendering bdc/mechome.html.erb within layouts/application
  Rendered bdc/mechome.html.erb within layouts/application (0.4ms)
Completed 200 OK in 512ms (Views: 13.9ms | ActiveRecord: 0.0ms)


Started GET "/mecbdcrate" for 127.0.0.1 at 2018-12-18 10:58:44 +0530
Processing by BdcController#mecbdcrate as HTML
  Rendering bdc/mechome.html.erb within layouts/application
  Rendered bdc/mechome.html.erb within layouts/application (0.3ms)
Completed 200 OK in 523ms (Views: 15.9ms | ActiveRecord: 0.0ms)


Started GET "/mecbdcrate" for 127.0.0.1 at 2018-12-18 10:59:03 +0530
Processing by BdcController#mecbdcrate as HTML
Completed 500 Internal Server Error in 140092ms (ActiveRecord: 0.0ms)


  
Errno::EIO (Input/output error @ io_writev - <STDOUT>):
  
app/controllers/bdc_controller.rb:18:in `mecbdcrate'
Started GET "/mecbdcrate" for 127.0.0.1 at 2018-12-18 11:02:54 +0530
  [1m[35m (0.3ms)[0m  [1m[35mSET NAMES utf8,  @@SESSION.sql_mode = CONCAT(CONCAT(@@sql_mode, ',STRICT_ALL_TABLES'), ',NO_AUTO_VALUE_ON_ZERO'),  @@SESSION.sql_auto_is_null = 0, @@SESSION.wait_timeout = 2147483[0m
  ↳ /home/ip-d/.rvm/gems/ruby-2.5.3/gems/activerecord-5.2.2/lib/active_record/log_subscriber.rb:98
Processing by BdcController#mecbdcrate as HTML
  Rendering bdc/mechome.html.erb within layouts/application
  Rendered bdc/mechome.html.erb within layouts/application (0.6ms)
Completed 200 OK in 32747ms (Views: 164.0ms | ActiveRecord: 0.0ms)


Started GET "/mecbdcrate" for 127.0.0.1 at 2018-12-18 11:03:29 +0530
Processing by BdcController#mecbdcrate as HTML
  Rendering bdc/mechome.html.erb within layouts/application
  Rendered bdc/mechome.html.erb within layouts/application (12.6ms)
Completed 200 OK in 4135ms (Views: 26.8ms | ActiveRecord: 0.0ms)


Started GET "/mecbdcrate" for 127.0.0.1 at 2018-12-18 11:03:37 +0530
Processing by BdcController#mecbdcrate as HTML
  Rendering bdc/mechome.html.erb within layouts/application
  Rendered bdc/mechome.html.erb within layouts/application (14.5ms)
Completed 200 OK in 244126ms (Views: 29.3ms | ActiveRecord: 0.0ms)


Started GET "/mecbdcrate" for 127.0.0.1 at 2018-12-18 11:07:45 +0530
Processing by BdcController#mecbdcrate as HTML
  Rendering bdc/mechome.html.erb within layouts/application
  Rendered bdc/mechome.html.erb within layouts/application (20.6ms)
Completed 200 OK in 443343ms (Views: 34.5ms | ActiveRecord: 0.0ms)


Started GET "/mecbdcrate" for 127.0.0.1 at 2018-12-18 11:15:13 +0530
Processing by BdcController#mecbdcrate as HTML
  Rendering bdc/mechome.html.erb within layouts/application
  Rendered bdc/mechome.html.erb within layouts/application (40.2ms)
Completed 200 OK in 448ms (Views: 54.3ms | ActiveRecord: 0.0ms)


Started GET "/mecbdcrate" for 127.0.0.1 at 2018-12-18 11:17:06 +0530
Processing by BdcController#mecbdcrate as HTML
Completed 500 Internal Server Error in 1099ms (ActiveRecord: 0.0ms)


  
NoMethodError (undefined method `html' for #<Nokogiri::XML::NodeSet:0x00007fef6344d5e0>):
  
app/controllers/bdc_controller.rb:18:in `mecbdcrate'
Started GET "/mecbdcrate" for 127.0.0.1 at 2018-12-18 11:20:13 +0530
Processing by BdcController#mecbdcrate as HTML
Completed 500 Internal Server Error in 904ms (ActiveRecord: 0.0ms)


  
NoMethodError (undefined method `html' for #<Nokogiri::XML::NodeSet:0x00007fef61fbecc8>):
  
app/controllers/bdc_controller.rb:18:in `mecbdcrate'
Started GET "/mecbdcrate" for 127.0.0.1 at 2018-12-18 11:20:39 +0530
Processing by BdcController#mecbdcrate as HTML
  Rendering bdc/mechome.html.erb within layouts/application
  Rendered bdc/mechome.html.erb within layouts/application (47.7ms)
Completed 200 OK in 294574ms (Views: 66.0ms | ActiveRecord: 0.0ms)


Started GET "/mecbdcrate" for 127.0.0.1 at 2018-12-18 11:25:36 +0530
Processing by BdcController#mecbdcrate as HTML
Completed 500 Internal Server Error in 493ms (ActiveRecord: 0.0ms)


  
Nokogiri::XML::XPath::SyntaxError (ERROR: Invalid expression: //div[@attr="home"]/):
  
app/controllers/bdc_controller.rb:19:in `mecbdcrate'
Started GET "/mecbdcrate" for 127.0.0.1 at 2018-12-18 11:26:30 +0530
  [1m[35m (0.2ms)[0m  [1m[35mSET NAMES utf8,  @@SESSION.sql_mode = CONCAT(CONCAT(@@sql_mode, ',STRICT_ALL_TABLES'), ',NO_AUTO_VALUE_ON_ZERO'),  @@SESSION.sql_auto_is_null = 0, @@SESSION.wait_timeout = 2147483[0m
  ↳ /home/ip-d/.rvm/gems/ruby-2.5.3/gems/activerecord-5.2.2/lib/active_record/log_subscriber.rb:98
Processing by BdcController#mecbdcrate as HTML
Completed 500 Internal Server Error in 482ms (ActiveRecord: 0.0ms)


  
Nokogiri::XML::XPath::SyntaxError (ERROR: Invalid expression: //div[@attr="home"]/):
  
app/controllers/bdc_controller.rb:19:in `mecbdcrate'
Started GET "/mecbdcrate" for 127.0.0.1 at 2018-12-18 11:26:33 +0530
Processing by BdcController#mecbdcrate as HTML
Started GET "/mecbdcrate" for 127.0.0.1 at 2018-12-18 11:26:33 +0530
  [1m[35m (0.4ms)[0m  [1m[35mSET NAMES utf8,  @@SESSION.sql_mode = CONCAT(CONCAT(@@sql_mode, ',STRICT_ALL_TABLES'), ',NO_AUTO_VALUE_ON_ZERO'),  @@SESSION.sql_auto_is_null = 0, @@SESSION.wait_timeout = 2147483[0m
  ↳ /home/ip-d/.rvm/gems/ruby-2.5.3/gems/activerecord-5.2.2/lib/active_record/log_subscriber.rb:98
Processing by BdcController#mecbdcrate as HTML
Completed 500 Internal Server Error in 467ms (ActiveRecord: 0.0ms)


  
Nokogiri::XML::XPath::SyntaxError (ERROR: Invalid expression: //div[@attr="home"]/):
  
app/controllers/bdc_controller.rb:19:in `mecbdcrate'
Started GET "/mecbdcrate" for 127.0.0.1 at 2018-12-18 11:26:34 +0530
Processing by BdcController#mecbdcrate as HTML
Started GET "/mecbdcrate" for 127.0.0.1 at 2018-12-18 11:26:34 +0530
  [1m[35m (0.6ms)[0m  [1m[35mSET NAMES utf8,  @@SESSION.sql_mode = CONCAT(CONCAT(@@sql_mode, ',STRICT_ALL_TABLES'), ',NO_AUTO_VALUE_ON_ZERO'),  @@SESSION.sql_auto_is_null = 0, @@SESSION.wait_timeout = 2147483[0m
  ↳ /home/ip-d/.rvm/gems/ruby-2.5.3/gems/activerecord-5.2.2/lib/active_record/log_subscriber.rb:98
Processing by BdcController#mecbdcrate as HTML
Completed 500 Internal Server Error in 490ms (ActiveRecord: 0.0ms)


  
Nokogiri::XML::XPath::SyntaxError (ERROR: Invalid expression: //div[@attr="home"]/):
  
app/controllers/bdc_controller.rb:19:in `mecbdcrate'
Completed 500 Internal Server Error in 412ms (ActiveRecord: 0.0ms)


  
Nokogiri::XML::XPath::SyntaxError (ERROR: Invalid expression: //div[@attr="home"]/):
  
app/controllers/bdc_controller.rb:19:in `mecbdcrate'
Completed 500 Internal Server Error in 5479ms (ActiveRecord: 0.0ms)


  
Nokogiri::XML::XPath::SyntaxError (ERROR: Invalid expression: //div[@attr="home"]/):
  
app/controllers/bdc_controller.rb:19:in `mecbdcrate'
Started GET "/mecbdcrate" for 127.0.0.1 at 2018-12-18 11:26:44 +0530
Processing by BdcController#mecbdcrate as HTML
  Rendering bdc/mechome.html.erb within layouts/application
  Rendered bdc/mechome.html.erb within layouts/application (0.4ms)
Completed 200 OK in 971ms (Views: 206.1ms | ActiveRecord: 0.0ms)


Started GET "/mecbdcrate" for 127.0.0.1 at 2018-12-18 11:28:11 +0530
Processing by BdcController#mecbdcrate as HTML
  Rendering bdc/mechome.html.erb within layouts/application
  Rendered bdc/mechome.html.erb within layouts/application (0.6ms)
Completed 200 OK in 141231ms (Views: 16.9ms | ActiveRecord: 0.0ms)


Started GET "/mecbdcrate" for 127.0.0.1 at 2018-12-18 11:30:35 +0530
Processing by BdcController#mecbdcrate as HTML
  Rendering bdc/mechome.html.erb within layouts/application
  Rendered bdc/mechome.html.erb within layouts/application (1.7ms)
Completed 200 OK in 477ms (Views: 15.1ms | ActiveRecord: 0.0ms)


Started GET "/mecbdcrate" for 127.0.0.1 at 2018-12-18 11:31:52 +0530
Processing by BdcController#mecbdcrate as HTML
Completed 500 Internal Server Error in 1471ms (ActiveRecord: 0.0ms)


  
NoMethodError (undefined method `html' for #<String:0x00007f55505fc538>):
  
app/controllers/bdc_controller.rb:20:in `mecbdcrate'
Started GET "/mecbdcrate" for 127.0.0.1 at 2018-12-18 11:32:09 +0530
Processing by BdcController#mecbdcrate as HTML
Completed 500 Internal Server Error in 6526ms (ActiveRecord: 0.0ms)


  
NoMethodError (undefined method `to_html' for #<String:0x00007f55552665e0>
Did you mean?  to_yaml):
  
app/controllers/bdc_controller.rb:20:in `mecbdcrate'
Started GET "/mecbdcrate" for 127.0.0.1 at 2018-12-18 11:35:04 +0530
Processing by BdcController#mecbdcrate as HTML
  Rendering bdc/mechome.html.erb within layouts/application
  Rendered bdc/mechome.html.erb within layouts/application (0.4ms)
Completed 200 OK in 1073ms (Views: 17.0ms | ActiveRecord: 0.0ms)


Started GET "/mecbdcrate" for 127.0.0.1 at 2018-12-18 11:35:27 +0530
Processing by BdcController#mecbdcrate as HTML
Started GET "/mecbdcrate" for 127.0.0.1 at 2018-12-18 11:38:25 +0530
  Rendering bdc/mechome.html.erb within layouts/application
  Rendered bdc/mechome.html.erb within layouts/application (0.7ms)
Completed 200 OK in 182808ms (Views: 20.4ms | ActiveRecord: 0.0ms)


Processing by BdcController#mecbdcrate as HTML
  Rendering bdc/mechome.html.erb within layouts/application
  Rendered bdc/mechome.html.erb within layouts/application (0.2ms)
Completed 200 OK in 5956ms (Views: 19.5ms | ActiveRecord: 0.0ms)


Started GET "/mecbdcrate" for 127.0.0.1 at 2018-12-18 11:38:50 +0530
Processing by BdcController#mecbdcrate as HTML
  Rendering bdc/mechome.html.erb within layouts/application
  Rendered bdc/mechome.html.erb within layouts/application (0.8ms)
Completed 200 OK in 426744ms (Views: 26.5ms | ActiveRecord: 0.0ms)


Started GET "/bdcrate" for 127.0.0.1 at 2018-12-18 11:46:06 +0530
Processing by BdcController#bdcrate as HTML
  Rendering bdc/home.html.erb within layouts/application
  Rendered bdc/home.html.erb within layouts/application (0.3ms)
Completed 200 OK in 5577ms (Views: 14.3ms | ActiveRecord: 0.0ms)


Started GET "/bdcrate" for 127.0.0.1 at 2018-12-18 11:46:52 +0530
Processing by BdcController#bdcrate as HTML
  Rendering bdc/home.html.erb within layouts/application
  Rendered bdc/home.html.erb within layouts/application (0.7ms)
Completed 200 OK in 170747ms (Views: 27.5ms | ActiveRecord: 0.0ms)


Started GET "/bdcrate" for 127.0.0.1 at 2018-12-18 11:50:03 +0530
Processing by BdcController#bdcrate as HTML
  Rendering bdc/home.html.erb within layouts/application
  Rendered bdc/home.html.erb within layouts/application (0.4ms)
Completed 200 OK in 5464ms (Views: 35.8ms | ActiveRecord: 0.0ms)


Started GET "/mcbdcrate" for 127.0.0.1 at 2018-12-18 11:50:20 +0530
  
ActionController::RoutingError (No route matches [GET] "/mcbdcrate"):
  
actionpack (5.2.2) lib/action_dispatch/middleware/debug_exceptions.rb:65:in `call'
web-console (3.7.0) lib/web_console/middleware.rb:135:in `call_app'
web-console (3.7.0) lib/web_console/middleware.rb:30:in `block in call'
web-console (3.7.0) lib/web_console/middleware.rb:20:in `catch'
web-console (3.7.0) lib/web_console/middleware.rb:20:in `call'
actionpack (5.2.2) lib/action_dispatch/middleware/show_exceptions.rb:33:in `call'
railties (5.2.2) lib/rails/rack/logger.rb:38:in `call_app'
railties (5.2.2) lib/rails/rack/logger.rb:26:in `block in call'
activesupport (5.2.2) lib/active_support/tagged_logging.rb:71:in `block in tagged'
activesupport (5.2.2) lib/active_support/tagged_logging.rb:28:in `tagged'
activesupport (5.2.2) lib/active_support/tagged_logging.rb:71:in `tagged'
railties (5.2.2) lib/rails/rack/logger.rb:26:in `call'
sprockets-rails (3.2.1) lib/sprockets/rails/quiet_assets.rb:13:in `call'
actionpack (5.2.2) lib/action_dispatch/middleware/remote_ip.rb:81:in `call'
actionpack (5.2.2) lib/action_dispatch/middleware/request_id.rb:27:in `call'
rack (2.0.6) lib/rack/method_override.rb:22:in `call'
rack (2.0.6) lib/rack/runtime.rb:22:in `call'
activesupport (5.2.2) lib/active_support/cache/strategy/local_cache_middleware.rb:29:in `call'
actionpack (5.2.2) lib/action_dispatch/middleware/executor.rb:14:in `call'
actionpack (5.2.2) lib/action_dispatch/middleware/static.rb:127:in `call'
rack (2.0.6) lib/rack/sendfile.rb:111:in `call'
railties (5.2.2) lib/rails/engine.rb:524:in `call'
puma (3.12.0) lib/puma/configuration.rb:225:in `call'
puma (3.12.0) lib/puma/server.rb:658:in `handle_request'
puma (3.12.0) lib/puma/server.rb:472:in `process_client'
puma (3.12.0) lib/puma/server.rb:332:in `block in run'
puma (3.12.0) lib/puma/thread_pool.rb:133:in `block in spawn_thread'
Started GET "/mecbdcrate" for 127.0.0.1 at 2018-12-18 11:50:27 +0530
Processing by BdcController#mecbdcrate as HTML
Completed 500 Internal Server Error in 1327ms (ActiveRecord: 0.0ms)


  
NoMethodError (undefined method `to_html' for #<String:0x00007f555041ed10>
Did you mean?  to_yaml):
  
app/controllers/bdc_controller.rb:20:in `mecbdcrate'
Started GET "/mecbdcrate" for 127.0.0.1 at 2018-12-18 11:50:40 +0530
Processing by BdcController#mecbdcrate as HTML
  Rendering bdc/mechome.html.erb within layouts/application
  Rendered bdc/mechome.html.erb within layouts/application (5.3ms)
Completed 500 Internal Server Error in 523ms (ActiveRecord: 0.0ms)


  
ActionView::Template::Error (undefined method `fields' for #<String:0x00007f5554a033a8>):
    2:   <h3 class="h3">How much a dollar really cost?</h3>
    3:   <h3 class="h3">BDC Rates</h3>
    4:   <div class="outer">
    5:     <p><span id="dollar"><%= @form.fields %></span></p>
    6:   </div>
    7: </div>
    8: 
  
app/views/bdc/mechome.html.erb:5:in `_app_views_bdc_mechome_html_erb__748083488873577739_70002234156380'
app/controllers/bdc_controller.rb:25:in `mecbdcrate'
Started GET "/mecbdcrate" for 127.0.0.1 at 2018-12-18 11:51:21 +0530
Processing by BdcController#mecbdcrate as HTML
  Rendering bdc/mechome.html.erb within layouts/application
  Rendered bdc/mechome.html.erb within layouts/application (1.6ms)
Completed 200 OK in 519ms (Views: 16.7ms | ActiveRecord: 0.0ms)


Started GET "/mecbdcrate" for 127.0.0.1 at 2018-12-18 11:51:53 +0530
Processing by BdcController#mecbdcrate as HTML
  Rendering bdc/mechome.html.erb within layouts/application
  Rendered bdc/mechome.html.erb within layouts/application (0.4ms)
Completed 200 OK in 716ms (Views: 16.0ms | ActiveRecord: 0.0ms)


Started GET "/mecbdcrate" for 127.0.0.1 at 2018-12-18 11:52:12 +0530
Processing by BdcController#mecbdcrate as HTML
  Rendering bdc/mechome.html.erb within layouts/application
  Rendered bdc/mechome.html.erb within layouts/application (0.4ms)
Completed 200 OK in 1197ms (Views: 16.1ms | ActiveRecord: 0.0ms)


Started GET "/mecbdcrate" for 127.0.0.1 at 2018-12-18 11:52:24 +0530
Processing by BdcController#mecbdcrate as HTML
  Rendering bdc/mechome.html.erb within layouts/application
  Rendered bdc/mechome.html.erb within layouts/application (0.4ms)
Completed 200 OK in 598ms (Views: 13.7ms | ActiveRecord: 0.0ms)


Started GET "/mecbdcrate" for 127.0.0.1 at 2018-12-18 11:53:16 +0530
Processing by BdcController#mecbdcrate as HTML
  Rendering bdc/mechome.html.erb within layouts/application
  Rendered bdc/mechome.html.erb within layouts/application (0.7ms)
Completed 200 OK in 454712ms (Views: 21.6ms | ActiveRecord: 0.0ms)


Started GET "/mecbdcrate" for 127.0.0.1 at 2018-12-18 12:01:30 +0530
Processing by BdcController#mecbdcrate as HTML
  Rendering bdc/mechome.html.erb within layouts/application
  Rendered bdc/mechome.html.erb within layouts/application (1.7ms)
Completed 200 OK in 609ms (Views: 16.1ms | ActiveRecord: 0.0ms)


Started GET "/mecbdcrate" for 127.0.0.1 at 2018-12-18 12:03:40 +0530
Processing by BdcController#mecbdcrate as HTML
  Rendering bdc/mechome.html.erb within layouts/application
  Rendered bdc/mechome.html.erb within layouts/application (3.0ms)
Completed 200 OK in 306164ms (Views: 18.3ms | ActiveRecord: 0.0ms)


